e:\lihongzhao\code\reyuan\reyuan0518\reyuan0518\reyuan0518\x64\debug\reyuan0518.pch
e:\lihongzhao\code\reyuan\reyuan0518\reyuan0518\reyuan0518\x64\debug\vc141.pdb
e:\lihongzhao\code\reyuan\reyuan0518\reyuan0518\reyuan0518\x64\debug\vc141.idb
e:\lihongzhao\code\reyuan\reyuan0518\reyuan0518\reyuan0518\x64\debug\stdafx.obj
e:\lihongzhao\code\reyuan\reyuan0518\reyuan0518\reyuan0518\x64\debug\chartlogarithmicaxis.obj
e:\lihongzhao\code\reyuan\reyuan0518\reyuan0518\reyuan0518\x64\debug\chartlineserie.obj
e:\lihongzhao\code\reyuan\reyuan0518\reyuan0518\reyuan0518\x64\debug\chartlegend.obj
e:\lihongzhao\code\reyuan\reyuan0518\reyuan0518\reyuan0518\x64\debug\chartgrid.obj
e:\lihongzhao\code\reyuan\reyuan0518\reyuan0518\reyuan0518\x64\debug\chartgradient.obj
e:\lihongzhao\code\reyuan\reyuan0518\reyuan0518\reyuan0518\x64\debug\chartganttserie.obj
e:\lihongzhao\code\reyuan\reyuan0518\reyuan0518\reyuan0518\x64\debug\chartfont.obj
e:\lihongzhao\code\reyuan\reyuan0518\reyuan0518\reyuan0518\x64\debug\chartdraglinecursor.obj
e:\lihongzhao\code\reyuan\reyuan0518\reyuan0518\reyuan0518\x64\debug\chartdatetimeaxis.obj
e:\lihongzhao\code\reyuan\reyuan0518\reyuan0518\reyuan0518\x64\debug\chartcursor.obj
e:\lihongzhao\code\reyuan\reyuan0518\reyuan0518\reyuan0518\x64\debug\chartctrl.obj
e:\lihongzhao\code\reyuan\reyuan0518\reyuan0518\reyuan0518\x64\debug\chartcrosshaircursor.obj
e:\lihongzhao\code\reyuan\reyuan0518\reyuan0518\reyuan0518\x64\debug\chartcandlestickserie.obj
e:\lihongzhao\code\reyuan\reyuan0518\reyuan0518\reyuan0518\x64\debug\chartbarserie.obj
e:\lihongzhao\code\reyuan\reyuan0518\reyuan0518\reyuan0518\x64\debug\chartaxislabel.obj
e:\lihongzhao\code\reyuan\reyuan0518\reyuan0518\reyuan0518\x64\debug\chartaxis.obj
e:\lihongzhao\code\reyuan\reyuan0518\reyuan0518\reyuan0518\x64\debug\account_zhgl_xgzh.obj
e:\lihongzhao\code\reyuan\reyuan0518\reyuan0518\reyuan0518\x64\debug\account_zhgl_tjzh.obj
e:\lihongzhao\code\reyuan\reyuan0518\reyuan0518\reyuan0518\x64\debug\account_zhgl.obj
e:\lihongzhao\code\reyuan\reyuan0518\reyuan0518\reyuan0518\x64\debug\account_ggmm.obj
e:\lihongzhao\code\reyuan\reyuan0518\reyuan0518\reyuan0518\x64\debug\fv_point_bd.obj
e:\lihongzhao\code\reyuan\reyuan0518\reyuan0518\reyuan0518\x64\debug\fv_data_xttxjg.obj
e:\lihongzhao\code\reyuan\reyuan0518\reyuan0518\reyuan0518\x64\debug\fv_data_ttbdjg.obj
e:\lihongzhao\code\reyuan\reyuan0518\reyuan0518\reyuan0518\x64\debug\fv_data_gzsjsj.obj
e:\lihongzhao\code\reyuan\reyuan0518\reyuan0518\reyuan0518\x64\debug\fv_data_cklxjt.obj
e:\lihongzhao\code\reyuan\reyuan0518\reyuan0518\reyuan0518\x64\debug\fv_data_cdb_right.obj
e:\lihongzhao\code\reyuan\reyuan0518\reyuan0518\reyuan0518\x64\debug\fv_data_cdbrysyjg.obj
e:\lihongzhao\code\reyuan\reyuan0518\reyuan0518\reyuan0518\x64\debug\fv_data_cdb.obj
e:\lihongzhao\code\reyuan\reyuan0518\reyuan0518\reyuan0518\x64\debug\fv_cewen_wdcd.obj
e:\lihongzhao\code\reyuan\reyuan0518\reyuan0518\reyuan0518\x64\debug\data_sjhf.obj
e:\lihongzhao\code\reyuan\reyuan0518\reyuan0518\reyuan0518\x64\debug\data_sjbf.obj
e:\lihongzhao\code\reyuan\reyuan0518\reyuan0518\reyuan0518\x64\debug\data_cdb_right.obj
e:\lihongzhao\code\reyuan\reyuan0518\reyuan0518\reyuan0518\x64\debug\childfrm.obj
e:\lihongzhao\code\reyuan\reyuan0518\reyuan0518\reyuan0518\x64\debug\chartxyserie.obj
e:\lihongzhao\code\reyuan\reyuan0518\reyuan0518\reyuan0518\x64\debug\charttitle.obj
e:\lihongzhao\code\reyuan\reyuan0518\reyuan0518\reyuan0518\x64\debug\chartsurfaceserie.obj
e:\lihongzhao\code\reyuan\reyuan0518\reyuan0518\reyuan0518\x64\debug\chartstandardaxis.obj
e:\lihongzhao\code\reyuan\reyuan0518\reyuan0518\reyuan0518\x64\debug\chartserie.obj
e:\lihongzhao\code\reyuan\reyuan0518\reyuan0518\reyuan0518\x64\debug\chartscrollbar.obj
e:\lihongzhao\code\reyuan\reyuan0518\reyuan0518\reyuan0518\x64\debug\chartpointsserie.obj
e:\lihongzhao\code\reyuan\reyuan0518\reyuan0518\reyuan0518\x64\debug\set_yl_jlgs.obj
e:\lihongzhao\code\reyuan\reyuan0518\reyuan0518\reyuan0518\x64\debug\set_sjgs.obj
e:\lihongzhao\code\reyuan\reyuan0518\reyuan0518\reyuan0518\x64\debug\set_jlgs_xt.obj
e:\lihongzhao\code\reyuan\reyuan0518\reyuan0518\reyuan0518\x64\debug\set_jlgs_ry.obj
e:\lihongzhao\code\reyuan\reyuan0518\reyuan0518\reyuan0518\x64\debug\set_jlgs_jt.obj
e:\lihongzhao\code\reyuan\reyuan0518\reyuan0518\reyuan0518\x64\debug\reyuan0518view.obj
e:\lihongzhao\code\reyuan\reyuan0518\reyuan0518\reyuan0518\x64\debug\reyuan0518doc.obj
e:\lihongzhao\code\reyuan\reyuan0518\reyuan0518\reyuan0518\x64\debug\reyuan0518.obj
e:\lihongzhao\code\reyuan\reyuan0518\reyuan0518\reyuan0518\x64\debug\quanjv.obj
e:\lihongzhao\code\reyuan\reyuan0518\reyuan0518\reyuan0518\x64\debug\mydatabase.obj
e:\lihongzhao\code\reyuan\reyuan0518\reyuan0518\reyuan0518\x64\debug\mainfrm.obj
e:\lihongzhao\code\reyuan\reyuan0518\reyuan0518\reyuan0518\x64\debug\login_set_zdbf.obj
e:\lihongzhao\code\reyuan\reyuan0518\reyuan0518\reyuan0518\x64\debug\login_set_ttsz.obj
e:\lihongzhao\code\reyuan\reyuan0518\reyuan0518\reyuan0518\x64\debug\login_set_dlcl.obj
e:\lihongzhao\code\reyuan\reyuan0518\reyuan0518\reyuan0518\x64\debug\login_set_cjzh.obj
e:\lihongzhao\code\reyuan\reyuan0518\reyuan0518\reyuan0518\x64\debug\login_set.obj
e:\lihongzhao\code\reyuan\reyuan0518\reyuan0518\reyuan0518\x64\debug\login.obj
e:\lihongzhao\code\reyuan\reyuan0518\reyuan0518\reyuan0518\x64\debug\infofile.obj
e:\lihongzhao\code\reyuan\reyuan0518\reyuan0518\reyuan0518\x64\debug\fv_point_qr.obj
e:\lihongzhao\code\reyuan\reyuan0518\reyuan0518\reyuan0518\x64\debug\tab_data_cdbrysyjg_cxdy.obj
e:\lihongzhao\code\reyuan\reyuan0518\reyuan0518\reyuan0518\x64\debug\tab_data_cdbrysyjg_bz.obj
e:\lihongzhao\code\reyuan\reyuan0518\reyuan0518\reyuan0518\x64\debug\tab_cewen_wdcd_ypdl.obj
e:\lihongzhao\code\reyuan\reyuan0518\reyuan0518\reyuan0518\x64\debug\tab_cewen_wdcd_sypc.obj
e:\lihongzhao\code\reyuan\reyuan0518\reyuan0518\reyuan0518\x64\debug\tab_cewen_wdcd_sscwqx.obj
e:\lihongzhao\code\reyuan\reyuan0518\reyuan0518\reyuan0518\x64\debug\shitu_stsz.obj
e:\lihongzhao\code\reyuan\reyuan0518\reyuan0518\reyuan0518\x64\debug\set_ypxx.obj
e:\lihongzhao\code\reyuan\reyuan0518\reyuan0518\reyuan0518\x64\debug\set_yl_jlgs_right.obj
e:\lihongzhao\code\reyuan\reyuan0518\reyuan0518\reyuan0518\x64\debug\set_yl_jlgs_left.obj
e:\lihongzhao\code\reyuan\reyuan0518\reyuan0518\reyuan0518\x64\debug\instrument_self_check.obj
e:\lihongzhao\code\reyuan\reyuan0518\reyuan0518\x64\debug\reyuan0518.exe
e:\lihongzhao\code\reyuan\reyuan0518\reyuan0518\x64\debug\reyuan0518.ilk
e:\lihongzhao\code\reyuan\reyuan0518\reyuan0518\x64\debug\reyuan0518.pdb
e:\lihongzhao\code\reyuan\reyuan0518\reyuan0518\reyuan0518\x64\debug\reyuan0518.res
e:\lihongzhao\code\reyuan\reyuan0518\reyuan0518\reyuan0518\x64\debug\reyuan0518.tlog\cl.command.1.tlog
e:\lihongzhao\code\reyuan\reyuan0518\reyuan0518\reyuan0518\x64\debug\reyuan0518.tlog\cl.read.1.tlog
e:\lihongzhao\code\reyuan\reyuan0518\reyuan0518\reyuan0518\x64\debug\reyuan0518.tlog\cl.write.1.tlog
e:\lihongzhao\code\reyuan\reyuan0518\reyuan0518\reyuan0518\x64\debug\reyuan0518.tlog\link.command.1.tlog
e:\lihongzhao\code\reyuan\reyuan0518\reyuan0518\reyuan0518\x64\debug\reyuan0518.tlog\link.read.1.tlog
e:\lihongzhao\code\reyuan\reyuan0518\reyuan0518\reyuan0518\x64\debug\reyuan0518.tlog\link.write.1.tlog
e:\lihongzhao\code\reyuan\reyuan0518\reyuan0518\reyuan0518\x64\debug\reyuan0518.tlog\rc.command.1.tlog
e:\lihongzhao\code\reyuan\reyuan0518\reyuan0518\reyuan0518\x64\debug\reyuan0518.tlog\rc.read.1.tlog
e:\lihongzhao\code\reyuan\reyuan0518\reyuan0518\reyuan0518\x64\debug\reyuan0518.tlog\rc.write.1.tlog
